Change Component Designator: OldDesignator=R1 NewDesignator=R2
Change Component Designator: OldDesignator=R2 NewDesignator=R1
Change Component Designator: OldDesignator=R8 NewDesignator=R13
Change Component Designator: OldDesignator=R9 NewDesignator=R18
Added Component: Designator=C12(LC-0603_C)
Add component (AddParameter): Name = "ComponentLink1Description"; Value = "供应商链接"; VariantName = "[No Variations]"
Add component (AddParameter): Name = "ComponentLink1URL"; Value = "http://www.szlcsc.com/product/details_15331.html"; VariantName = "[No Variations]"
Add component (AddParameter): Name = "Package"; Value = "0603"; VariantName = "[No Variations]"
Add component (AddParameter): Name = "Supplier"; Value = "LC"; VariantName = "[No Variations]"
Add component (AddParameter): Name = "SuppliersPartNumber"; Value = "C14663"; VariantName = "[No Variations]"
Added Component: Designator=D1(LC-0603_LED)
Add component (AddParameter): Name = "ComponentLink1Description"; Value = "供应商链接"; VariantName = "[No Variations]"
Add component (AddParameter): Name = "ComponentLink1URL"; Value = "http://www.szlcsc.com/product/details_73152.html"; VariantName = "[No Variations]"
Add component (AddParameter): Name = "Package"; Value = "0603"; VariantName = "[No Variations]"
Add component (AddParameter): Name = "Supplier"; Value = "LC"; VariantName = "[No Variations]"
Add component (AddParameter): Name = "SuppliersPartNumber"; Value = "C72043"; VariantName = "[No Variations]"
Added Component: Designator=I1(LC-0805_L)
Added Component: Designator=K1(TSW SMD-3*4*2.5)
Added Component: Designator=K2(TSW SMD-3*4*2.5)
Added Component: Designator=K3(TSW SMD-3*4*2.5)
Added Component: Designator=K4(TSW SMD-3*4*2.5)
Added Component: Designator=R8(LC-0603_R)
Add component (AddParameter): Name = "ComponentLink1Description"; Value = "供应商链接"; VariantName = "[No Variations]"
Add component (AddParameter): Name = "ComponentLink1URL"; Value = "http://www.szlcsc.com/product/details_26547.html"; VariantName = "[No Variations]"
Add component (AddParameter): Name = "Package"; Value = "0603"; VariantName = "[No Variations]"
Add component (AddParameter): Name = "Supplier"; Value = "LC"; VariantName = "[No Variations]"
Add component (AddParameter): Name = "SuppliersPartNumber"; Value = "C25804"; VariantName = "[No Variations]"
Added Component: Designator=R9(LC-0603_R)
Add component (AddParameter): Name = "ComponentLink1Description"; Value = "供应商链接"; VariantName = "[No Variations]"
Add component (AddParameter): Name = "ComponentLink1URL"; Value = "http://www.szlcsc.com/product/details_26547.html"; VariantName = "[No Variations]"
Add component (AddParameter): Name = "Package"; Value = "0603"; VariantName = "[No Variations]"
Add component (AddParameter): Name = "Supplier"; Value = "LC"; VariantName = "[No Variations]"
Add component (AddParameter): Name = "SuppliersPartNumber"; Value = "C25804"; VariantName = "[No Variations]"
Added Component: Designator=R10(LC-0603_R)
Add component (AddParameter): Name = "ComponentLink1Description"; Value = "供应商链接"; VariantName = "[No Variations]"
Add component (AddParameter): Name = "ComponentLink1URL"; Value = "http://www.szlcsc.com/product/details_26547.html"; VariantName = "[No Variations]"
Add component (AddParameter): Name = "Package"; Value = "0603"; VariantName = "[No Variations]"
Add component (AddParameter): Name = "Supplier"; Value = "LC"; VariantName = "[No Variations]"
Add component (AddParameter): Name = "SuppliersPartNumber"; Value = "C25804"; VariantName = "[No Variations]"
Added Component: Designator=R11(LC-0603_R)
Add component (AddParameter): Name = "ComponentLink1Description"; Value = "供应商链接"; VariantName = "[No Variations]"
Add component (AddParameter): Name = "ComponentLink1URL"; Value = "http://www.szlcsc.com/product/details_26547.html"; VariantName = "[No Variations]"
Add component (AddParameter): Name = "Package"; Value = "0603"; VariantName = "[No Variations]"
Add component (AddParameter): Name = "Supplier"; Value = "LC"; VariantName = "[No Variations]"
Add component (AddParameter): Name = "SuppliersPartNumber"; Value = "C25804"; VariantName = "[No Variations]"
Added Component: Designator=R12(LC-0603_R)
Add component (AddParameter): Name = "ComponentLink1Description"; Value = "供应商链接"; VariantName = "[No Variations]"
Add component (AddParameter): Name = "ComponentLink1URL"; Value = "http://www.szlcsc.com/product/details_23906.html"; VariantName = "[No Variations]"
Add component (AddParameter): Name = "Package"; Value = "0603"; VariantName = "[No Variations]"
Add component (AddParameter): Name = "Supplier"; Value = "LC"; VariantName = "[No Variations]"
Add component (AddParameter): Name = "SuppliersPartNumber"; Value = "C23179"; VariantName = "[No Variations]"
Added Component: Designator=R14(LC-0603_R)
Add component (AddParameter): Name = "ComponentLink1Description"; Value = "供应商链接"; VariantName = "[No Variations]"
Add component (AddParameter): Name = "ComponentLink1URL"; Value = "http://www.szlcsc.com/product/details_23906.html"; VariantName = "[No Variations]"
Add component (AddParameter): Name = "Package"; Value = "0603"; VariantName = "[No Variations]"
Add component (AddParameter): Name = "Supplier"; Value = "LC"; VariantName = "[No Variations]"
Add component (AddParameter): Name = "SuppliersPartNumber"; Value = "C23179"; VariantName = "[No Variations]"
Added Component: Designator=R15(LC-0603_R)
Add component (AddParameter): Name = "ComponentLink1Description"; Value = "供应商链接"; VariantName = "[No Variations]"
Add component (AddParameter): Name = "ComponentLink1URL"; Value = "http://www.szlcsc.com/product/details_23906.html"; VariantName = "[No Variations]"
Add component (AddParameter): Name = "Package"; Value = "0603"; VariantName = "[No Variations]"
Add component (AddParameter): Name = "Supplier"; Value = "LC"; VariantName = "[No Variations]"
Add component (AddParameter): Name = "SuppliersPartNumber"; Value = "C23179"; VariantName = "[No Variations]"
Added Component: Designator=R16(LC-0603_R)
Add component (AddParameter): Name = "ComponentLink1Description"; Value = "供应商链接"; VariantName = "[No Variations]"
Add component (AddParameter): Name = "ComponentLink1URL"; Value = "http://www.szlcsc.com/product/details_23906.html"; VariantName = "[No Variations]"
Add component (AddParameter): Name = "Package"; Value = "0603"; VariantName = "[No Variations]"
Add component (AddParameter): Name = "Supplier"; Value = "LC"; VariantName = "[No Variations]"
Add component (AddParameter): Name = "SuppliersPartNumber"; Value = "C23179"; VariantName = "[No Variations]"
Added Component: Designator=R17(LC-0603_R)
Add component (AddParameter): Name = "ComponentLink1Description"; Value = "供应商链接"; VariantName = "[No Variations]"
Add component (AddParameter): Name = "ComponentLink1URL"; Value = "http://www.szlcsc.com/product/details_23906.html"; VariantName = "[No Variations]"
Add component (AddParameter): Name = "Package"; Value = "0603"; VariantName = "[No Variations]"
Add component (AddParameter): Name = "Supplier"; Value = "LC"; VariantName = "[No Variations]"
Add component (AddParameter): Name = "SuppliersPartNumber"; Value = "C23179"; VariantName = "[No Variations]"
Added Component: Designator=R19(LC-0603_R)
Add component (AddParameter): Name = "ComponentLink1Description"; Value = "供应商链接"; VariantName = "[No Variations]"
Add component (AddParameter): Name = "ComponentLink1URL"; Value = "http://www.szlcsc.com/product/details_23891.html"; VariantName = "[No Variations]"
Add component (AddParameter): Name = "Package"; Value = "0603"; VariantName = "[No Variations]"
Add component (AddParameter): Name = "Supplier"; Value = "LC"; VariantName = "[No Variations]"
Add component (AddParameter): Name = "SuppliersPartNumber"; Value = "C23164"; VariantName = "[No Variations]"
Added Pin To Net: NetName=GNDA Pin=C12-1
Added Pin To Net: NetName=VDDA Pin=C12-2
Added Pin To Net: NetName=GND Pin=I1-1
Added Pin To Net: NetName=GNDA Pin=I1-2
Added Pin To Net: NetName=3V3 Pin=R8-2
Added Pin To Net: NetName=3V3 Pin=R9-2
Added Pin To Net: NetName=3V3 Pin=R10-2
Added Pin To Net: NetName=3V3 Pin=R11-2
Added Pin To Net: NetName=GND Pin=R12-1
Added Pin To Net: NetName=GND Pin=R14-2
Added Pin To Net: NetName=GND Pin=R15-2
Added Pin To Net: NetName=GND Pin=R16-2
Added Pin To Net: NetName=GND Pin=R17-2
Added Pin To Net: NetName=3V3 Pin=R19-1
Added Pin To Net: NetName=VDDA Pin=R19-2
Added Pin To Net: NetName=KEY1 Pin=K1-1
Added Pin To Net: NetName=KEY1 Pin=M1-29
Added Pin To Net: NetName=KEY1 Pin=R8-1
Added Net: Name=KEY1
Added Pin To Net: NetName=KEY2 Pin=K2-1
Added Pin To Net: NetName=KEY2 Pin=M1-28
Added Pin To Net: NetName=KEY2 Pin=R9-1
Added Net: Name=KEY2
Added Pin To Net: NetName=KEY3 Pin=K3-1
Added Pin To Net: NetName=KEY3 Pin=M1-27
Added Pin To Net: NetName=KEY3 Pin=R10-1
Added Net: Name=KEY3
Added Pin To Net: NetName=KEY4 Pin=K4-1
Added Pin To Net: NetName=KEY4 Pin=M1-26
Added Pin To Net: NetName=KEY4 Pin=R11-1
Added Net: Name=KEY4
Added Pin To Net: NetName=LED1 Pin=D1-A
Added Pin To Net: NetName=LED1 Pin=M1-30
Added Net: Name=LED1
Added Pin To Net: NetName=NetD1_K Pin=D1-K
Added Pin To Net: NetName=NetD1_K Pin=R12-2
Added Net: Name=NetD1_K
Added Pin To Net: NetName=NetK1_4 Pin=K1-4
Added Pin To Net: NetName=NetK1_4 Pin=R14-1
Added Net: Name=NetK1_4
Added Pin To Net: NetName=NetK2_4 Pin=K2-4
Added Pin To Net: NetName=NetK2_4 Pin=R15-1
Added Net: Name=NetK2_4
Added Pin To Net: NetName=NetK3_4 Pin=K3-4
Added Pin To Net: NetName=NetK3_4 Pin=R16-1
Added Net: Name=NetK3_4
Added Pin To Net: NetName=NetK4_4 Pin=K4-4
Added Pin To Net: NetName=NetK4_4 Pin=R17-1
Added Net: Name=NetK4_4
Added Member To Class: ClassName=Sheet Member=Component C12 100nF
Added Member To Class: ClassName=Sheet Member=Component D1 绿灯 0603
Added Member To Class: ClassName=Sheet Member=Component I1 0R
Added Member To Class: ClassName=Sheet Member=Component K1 KEY
Added Member To Class: ClassName=Sheet Member=Component K2 KEY
Added Member To Class: ClassName=Sheet Member=Component K3 KEY
Added Member To Class: ClassName=Sheet Member=Component K4 KEY
Added Member To Class: ClassName=Sheet Member=Component OLED1 OLED-7PIN
Added Member To Class: ClassName=Sheet Member=Component R10 10KΩ
Added Member To Class: ClassName=Sheet Member=Component R11 10KΩ
Added Member To Class: ClassName=Sheet Member=Component R12 470Ω
Added Member To Class: ClassName=Sheet Member=Component R13 10KΩ
Added Member To Class: ClassName=Sheet Member=Component R14 470Ω
Added Member To Class: ClassName=Sheet Member=Component R15 470Ω
Added Member To Class: ClassName=Sheet Member=Component R16 470Ω
Added Member To Class: ClassName=Sheet Member=Component R17 470Ω
Added Member To Class: ClassName=Sheet Member=Component R18 10KΩ
Added Member To Class: ClassName=Sheet Member=Component R19 4.7Ω
Added Room: Name=Sheet
